<?xml version="1.0" encoding="UTF-8"?>
<!-- Generated by org.testng.reporters.JUnitReportReporter -->
<testsuite skipped="0" hostname="W57" name="mavenPack.mavenProject.SwitcchFrame" tests="1" failures="0" timestamp="04 Jul 2018 12:16:28 GMT" time="12.102" errors="0">
  <testcase name="frameDemo" time="12.102" classname="mavenPack.mavenProject.SwitcchFrame"/>
</testsuite> <!-- mavenPack.mavenProject.SwitcchFrame -->
