<?xml version="1.0" encoding="UTF-8"?>
<!-- Generated by org.testng.reporters.JUnitReportReporter -->
<testsuite skipped="0" hostname="W57" name="mavenPack.mavenProject.BrokenLinks" tests="1" failures="0" timestamp="22 Jun 2018 05:08:32 GMT" time="22.335" errors="0">
  <testcase name="brokenLinks" time="22.335" classname="mavenPack.mavenProject.BrokenLinks"/>
</testsuite> <!-- mavenPack.mavenProject.BrokenLinks -->
