<?xml version="1.0" encoding="UTF-8"?>
<!-- Generated by org.testng.reporters.JUnitReportReporter -->
<testsuite skipped="0" hostname="W57" name="mavenPack.mavenProject.DropDown_BS" tests="1" failures="0" timestamp="25 Jun 2018 18:54:08 GMT" time="15.366" errors="0">
  <testcase name="selectDropDown" time="15.366" classname="mavenPack.mavenProject.DropDown_BS"/>
</testsuite> <!-- mavenPack.mavenProject.DropDown_BS -->
