<?xml version="1.0" encoding="UTF-8"?>
<!-- Generated by org.testng.reporters.JUnitReportReporter -->
<testsuite skipped="0" hostname="W57" name="mavenPack.mavenProject.ExcelWriteDataByValue" tests="1" failures="0" timestamp="18 Jul 2018 02:19:34 GMT" time="1.067" errors="0">
  <testcase name="f" time="1.067" classname="mavenPack.mavenProject.ExcelWriteDataByValue"/>
</testsuite> <!-- mavenPack.mavenProject.ExcelWriteDataByValue -->
