<?xml version="1.0" encoding="UTF-8"?>
<!-- Generated by org.testng.reporters.JUnitReportReporter -->
<testsuite skipped="0" hostname="W57" name="mavenPack.mavenProject.DropDown" tests="1" failures="0" timestamp="27 Jun 2018 16:42:25 GMT" time="15.312" errors="0">
  <testcase name="dropSelect" time="15.312" classname="mavenPack.mavenProject.DropDown"/>
</testsuite> <!-- mavenPack.mavenProject.DropDown -->
