<?xml version="1.0" encoding="UTF-8"?>
<!-- Generated by org.testng.reporters.JUnitReportReporter -->
<testsuite skipped="0" hostname="W57" name="mavenPack.mavenProject.LinkTest2" tests="1" failures="0" timestamp="22 Jun 2018 04:31:33 GMT" time="11.646" errors="0">
  <testcase name="linksHeader" time="11.646" classname="mavenPack.mavenProject.LinkTest2"/>
</testsuite> <!-- mavenPack.mavenProject.LinkTest2 -->
