<?xml version="1.0" encoding="UTF-8"?>
<!-- Generated by org.testng.reporters.JUnitReportReporter -->
<testsuite skipped="0" hostname="W57" name="mavenPack.mavenProject.webcalenderMethod2" tests="1" failures="0" timestamp="12 Jul 2018 12:38:52 GMT" time="17.116" errors="0">
  <testcase name="selectCldr" time="17.116" classname="mavenPack.mavenProject.webcalenderMethod2"/>
</testsuite> <!-- mavenPack.mavenProject.webcalenderMethod2 -->
