<?xml version="1.0" encoding="UTF-8"?>
<!-- Generated by org.testng.reporters.JUnitReportReporter -->
<testsuite skipped="5" hostname="W57" name="mavenPack.mavenProject.MouseActions" tests="6" failures="0" timestamp="10 Jul 2018 11:47:26 GMT" time="11.083" errors="0">
  <testcase name="resizable" time="11.083" classname="mavenPack.mavenProject.MouseActions"/>
  <testcase name="slider" classname="mavenPack.mavenProject.MouseActions">
    <skipped/>
  </testcase> <!-- slider -->
  <testcase name="scrollBrowserWindow" classname="mavenPack.mavenProject.MouseActions">
    <skipped/>
  </testcase> <!-- scrollBrowserWindow -->
  <testcase name="rightClick" classname="mavenPack.mavenProject.MouseActions">
    <skipped/>
  </testcase> <!-- rightClick -->
  <testcase name="mouseOver" classname="mavenPack.mavenProject.MouseActions">
    <skipped/>
  </testcase> <!-- mouseOver -->
  <testcase name="dragAndrop" classname="mavenPack.mavenProject.MouseActions">
    <skipped/>
  </testcase> <!-- dragAndrop -->
</testsuite> <!-- mavenPack.mavenProject.MouseActions -->
