<?xml version="1.0" encoding="UTF-8"?>
<!-- Generated by org.testng.reporters.JUnitReportReporter -->
<testsuite skipped="0" hostname="W57" name="mavenPack.mavenProject.webTable" tests="1" failures="0" timestamp="11 Jul 2018 15:03:28 GMT" time="31.721" errors="0">
  <testcase name="selctTable" time="31.721" classname="mavenPack.mavenProject.webTable"/>
</testsuite> <!-- mavenPack.mavenProject.webTable -->
