<?xml version="1.0" encoding="UTF-8"?>
<!-- Generated by org.testng.reporters.JUnitReportReporter -->
<testsuite skipped="0" hostname="W57" name="mavenPack.mavenProject.webCalender" tests="1" failures="0" timestamp="12 Jul 2018 22:54:11 GMT" time="23.781" errors="0">
  <testcase name="selectCalender" time="23.781" classname="mavenPack.mavenProject.webCalender"/>
</testsuite> <!-- mavenPack.mavenProject.webCalender -->
