<?xml version="1.0" encoding="UTF-8"?>
<!-- Generated by org.testng.reporters.JUnitReportReporter -->
<testsuite skipped="0" hostname="W57" name="mavenPack.mavenProject.LinkTest1" tests="1" failures="0" timestamp="22 Jun 2018 03:28:30 GMT" time="10.618" errors="0">
  <testcase name="linktesting1" time="10.618" classname="mavenPack.mavenProject.LinkTest1"/>
</testsuite> <!-- mavenPack.mavenProject.LinkTest1 -->
