<?xml version="1.0" encoding="UTF-8"?>
<!-- Generated by org.testng.reporters.JUnitReportReporter -->
<testsuite skipped="0" hostname="W57" name="mavenPack.mavenProject.Home" tests="1" failures="0" timestamp="25 Jun 2018 12:47:42 GMT" time="234.520" errors="0">
  <testcase name="home" time="234.520" classname="mavenPack.mavenProject.Home"/>
</testsuite> <!-- mavenPack.mavenProject.Home -->
