<?xml version="1.0" encoding="UTF-8"?>
<!-- Generated by org.testng.reporters.JUnitReportReporter -->
<testsuite skipped="0" hostname="W57" name="mavenPack.mavenProject.MultiFrames" tests="1" failures="0" timestamp="04 Jul 2018 12:56:55 GMT" time="9.889" errors="0">
  <testcase name="testMultiFrame" time="9.889" classname="mavenPack.mavenProject.MultiFrames"/>
</testsuite> <!-- mavenPack.mavenProject.MultiFrames -->
