<?xml version="1.0" encoding="UTF-8"?>
<!-- Generated by org.testng.reporters.JUnitReportReporter -->
<testsuite skipped="2" hostname="W57" name="mavenPack.mavenProject.Frames" tests="3" failures="0" timestamp="05 Jul 2018 11:48:25 GMT" time="8.358" errors="0">
  <testcase name="autoit" time="8.358" classname="mavenPack.mavenProject.Frames"/>
  <testcase name="framesTest" classname="mavenPack.mavenProject.Frames">
    <skipped/>
  </testcase> <!-- framesTest -->
  <testcase name="fram" classname="mavenPack.mavenProject.Frames">
    <skipped/>
  </testcase> <!-- fram -->
</testsuite> <!-- mavenPack.mavenProject.Frames -->
