<?xml version="1.0" encoding="UTF-8"?>
<!-- Generated by org.testng.reporters.JUnitReportReporter -->
<testsuite skipped="0" hostname="W57" name="mavenPack.mavenProject.ExcelReadByValue" tests="1" failures="0" timestamp="16 Jul 2018 12:05:25 GMT" time="6.157" errors="0">
  <testcase name="excelReader" time="6.157" classname="mavenPack.mavenProject.ExcelReadByValue"/>
</testsuite> <!-- mavenPack.mavenProject.ExcelReadByValue -->
