<?xml version="1.0" encoding="UTF-8"?>
<!-- Generated by org.testng.reporters.JUnitReportReporter -->
<testsuite skipped="0" hostname="W57" name="mavenPack.mavenProject.ExcelWriteDataByIndex" tests="1" failures="0" timestamp="16 Jul 2018 10:39:57 GMT" time="6.907" errors="0">
  <testcase name="f" time="6.907" classname="mavenPack.mavenProject.ExcelWriteDataByIndex"/>
</testsuite> <!-- mavenPack.mavenProject.ExcelWriteDataByIndex -->
