<?xml version="1.0" encoding="UTF-8"?>
<!-- Generated by org.testng.reporters.JUnitReportReporter -->
<testsuite skipped="0" hostname="W57" name="ng_package.SampleTest" tests="1" failures="0" timestamp="14 Jun 2018 17:21:40 GMT" time="20.256" errors="0">
  <testcase name="login" time="20.256" classname="ng_package.SampleTest"/>
</testsuite> <!-- ng_package.SampleTest -->
