<?xml version="1.0" encoding="UTF-8"?>
<!-- Generated by org.testng.reporters.JUnitReportReporter -->
<testsuite skipped="1" hostname="W57" name="ng_package.TestClass_1" tests="3" failures="0" timestamp="14 Jun 2018 18:29:11 GMT" time="0.000" errors="0">
  <testcase name="z" time="0.000" classname="ng_package.TestClass_1"/>
  <testcase name="a" time="0.000" classname="ng_package.TestClass_1"/>
  <testcase name="f" classname="ng_package.TestClass_1">
    <skipped/>
  </testcase> <!-- f -->
</testsuite> <!-- ng_package.TestClass_1 -->
