<?xml version="1.0" encoding="UTF-8"?>
<!-- Generated by org.testng.reporters.JUnitReportReporter -->
<testsuite skipped="0" hostname="W57" name="ng_package.TestClass" tests="1" failures="0" timestamp="14 Jun 2018 17:18:09 GMT" time="0.000" errors="0">
  <testcase name="f" time="0.000" classname="ng_package.TestClass"/>
</testsuite> <!-- ng_package.TestClass -->
