<?xml version="1.0" encoding="UTF-8"?>
<!-- Generated by org.testng.reporters.JUnitReportReporter -->
<testsuite skipped="0" hostname="W57" name="mPack_1.newMavenProject.Cart" tests="1" failures="0" timestamp="25 Jun 2018 16:29:13 GMT" time="80.903" errors="0">
  <testcase name="shoppingProcess" time="80.903" classname="mPack_1.newMavenProject.Cart"/>
</testsuite> <!-- mPack_1.newMavenProject.Cart -->
