<?xml version="1.0" encoding="UTF-8"?>
<!-- Generated by org.testng.reporters.JUnitReportReporter -->
<testsuite skipped="1" hostname="W57" name="mPack_1.newMavenProject.Login" tests="2" failures="0" timestamp="25 Jun 2018 04:52:10 GMT" time="27.883" errors="0">
  <testcase name="registration" time="27.883" classname="mPack_1.newMavenProject.Login"/>
  <testcase name="login" classname="mPack_1.newMavenProject.Login">
    <skipped/>
  </testcase> <!-- login -->
</testsuite> <!-- mPack_1.newMavenProject.Login -->
